[ 1065114ms] [ERROR] Failed to load resource: the server responded with a status of 404 (Not Found) @ http://localhost:3777/_next/static/chunks/3pvq-2y95m56e.css:0
[ 1068116ms] [WARNING] The resource http://localhost:3777/_next/static/chunks/3pvq-2y95m56e.css was preloaded using link preload but not used within a few seconds from the window's load event. Please make sure it has an appropriate `as` value and it is preloaded intentionally. @ http://localhost:3777/:0
[ 1070099ms] [ERROR] Failed to load resource: the server responded with a status of 404 (Not Found) @ http://localhost:3777/_next/static/chunks/3pvq-2y95m56e.css:0
[ 1073103ms] [WARNING] The resource http://localhost:3777/_next/static/chunks/3pvq-2y95m56e.css was preloaded using link preload but not used within a few seconds from the window's load event. Please make sure it has an appropriate `as` value and it is preloaded intentionally. @ http://localhost:3777/projects:0
[ 1073337ms] [ERROR] Failed to load resource: the server responded with a status of 404 (Not Found) @ http://localhost:3777/_next/static/chunks/2ubnb1-5mfnx1.js:0
[ 1073337ms] [ERROR] Failed to fetch RSC payload for http://localhost:3777/estudos/como-construi-este-site. Falling back to browser navigation. ChunkLoadError: Failed to load chunk /_next/static/chunks/2ubnb1-5mfnx1.js from module 38025
    at http://localhost:3777/_next/static/chunks/turbopack-2dayh1w7x81ix.js:1:6096 @ http://localhost:3777/_next/static/chunks/2zyt_khx05u9m.js:0
[ 1073338ms] [ERROR] Failed to load resource: the server responded with a status of 404 (Not Found) @ http://localhost:3777/_next/static/chunks/0kpauih-1mrx5.js:0
[ 1073338ms] [ERROR] Failed to load resource: the server responded with a status of 404 (Not Found) @ http://localhost:3777/_next/static/chunks/0p9_u3yh8rs8k.js:0
[ 1073339ms] [ERROR] Failed to load resource: the server responded with a status of 404 (Not Found) @ http://localhost:3777/_next/static/chunks/035fi246ln7jg.js:0
[ 1073367ms] [ERROR] Failed to load resource: the server responded with a status of 404 (Not Found) @ http://localhost:3777/_next/static/chunks/3pvq-2y95m56e.css:0
[ 1073368ms] [ERROR] Failed to load resource: the server responded with a status of 404 (Not Found) @ http://localhost:3777/_next/static/chunks/3yh27uq_hs6i5.js:0
[ 1073368ms] [ERROR] Failed to load resource: the server responded with a status of 404 (Not Found) @ http://localhost:3777/_next/static/chunks/44sr1o7iinnh0.js:0
[ 1073368ms] [ERROR] Failed to load resource: the server responded with a status of 404 (Not Found) @ http://localhost:3777/_next/static/chunks/08efozdlpe0pt.js:0
[ 1073369ms] [ERROR] Failed to load resource: the server responded with a status of 404 (Not Found) @ http://localhost:3777/_next/static/chunks/1sci3ow9i4qy5.js:0
[ 1073369ms] [ERROR] Failed to load resource: the server responded with a status of 404 (Not Found) @ http://localhost:3777/_next/static/chunks/turbopack-3yrqb_ard_uri.js:0
[ 1073369ms] [ERROR] Failed to load resource: the server responded with a status of 404 (Not Found) @ http://localhost:3777/_next/static/chunks/2ubnb1-5mfnx1.js:0
[ 1073369ms] [ERROR] Failed to load resource: the server responded with a status of 404 (Not Found) @ http://localhost:3777/_next/static/chunks/0kpauih-1mrx5.js:0
[ 1073370ms] [ERROR] Failed to load resource: the server responded with a status of 404 (Not Found) @ http://localhost:3777/_next/static/chunks/0p9_u3yh8rs8k.js:0
[ 1073370ms] [ERROR] Failed to load resource: the server responded with a status of 404 (Not Found) @ http://localhost:3777/_next/static/chunks/035fi246ln7jg.js:0
[ 1075339ms] [ERROR] Failed to load resource: the server responded with a status of 404 (Not Found) @ http://localhost:3777/_next/static/chunks/3pvq-2y95m56e.css:0
[ 1078356ms] [WARNING] The resource http://localhost:3777/_next/static/chunks/3pvq-2y95m56e.css was preloaded using link preload but not used within a few seconds from the window's load event. Please make sure it has an appropriate `as` value and it is preloaded intentionally. @ http://localhost:3777/projects:0
[ 1083638ms] [WARNING] The resource http://localhost:3777/_next/static/chunks/3pvq-2y95m56e.css was preloaded using link preload but not used within a few seconds from the window's load event. Please make sure it has an appropriate `as` value and it is preloaded intentionally. @ http://localhost:3777/sobre:0
